<?xml version="1.0" encoding="UTF-8"?>
<testng-results ignored="0" total="5" passed="4" failed="1" skipped="0">
  <reporter-output>
  </reporter-output>
  <suite started-at="2022-12-04T09:10:26 CST" name="Default Suite" finished-at="2022-12-04T09:10:49 CST" duration-ms="23105">
    <groups>
      <group name="Smoke">
        <method signature="LoginTests.test_Login_Functionality_Is_Working()[pri:0, instance:mavenAndTestNG.hrm.login.LoginTests@2ed0fbae]" name="test_Login_Functionality_Is_Working" class="mavenAndTestNG.hrm.login.LoginTests"/>
        <method signature="LoginTests.verify_user_is_not_able_to_login_invalid_credentials(java.lang.String,java.lang.String,java.lang.String)[pri:0, instance:mavenAndTestNG.hrm.login.LoginTests@2ed0fbae]" name="verify_user_is_not_able_to_login_invalid_credentials" class="mavenAndTestNG.hrm.login.LoginTests"/>
      </group> <!-- Smoke -->
    </groups>
    <test started-at="2022-12-04T09:10:26 CST" name="MvnSelNg" finished-at="2022-12-04T09:10:49 CST" duration-ms="23105">
      <class name="mavenAndTestNG.hrm.login.LoginTests">
        <test-method is-config="true" signature="setup()[pri:0, instance:mavenAndTestNG.hrm.login.LoginTests@2ed0fbae]" started-at="2022-12-04T09:10:26 CST" name="setup" finished-at="2022-12-04T09:10:30 CST" duration-ms="4185" status="PASS">
          <reporter-output>
          </reporter-output>
        </test-method> <!-- setup -->
        <test-method signature="test_Login_Functionality_Is_Working()[pri:0, instance:mavenAndTestNG.hrm.login.LoginTests@2ed0fbae]" started-at="2022-12-04T09:10:30 CST" name="test_Login_Functionality_Is_Working" finished-at="2022-12-04T09:10:31 CST" duration-ms="1476" status="FAIL">
          <exception class="java.lang.AssertionError">
            <message>
              <![CDATA[expected [Welcome ggg] but found [Welcome Yoll]]]>
            </message>
            <full-stacktrace>
              <![CDATA[java.lang.AssertionError: expected [Welcome ggg] but found [Welcome Yoll]
at org.testng.Assert.fail(Assert.java:99)
at org.testng.Assert.failNotEquals(Assert.java:1037)
at org.testng.Assert.assertEqualsImpl(Assert.java:140)
at org.testng.Assert.assertEquals(Assert.java:122)
at org.testng.Assert.assertEquals(Assert.java:629)
at org.testng.Assert.assertEquals(Assert.java:639)
at mavenAndTestNG.hrm.login.LoginTests.test_Login_Functionality_Is_Working(LoginTests.java:88)
at java.base/jdk.internal.reflect.DirectMethodHandleAccessor.invoke(DirectMethodHandleAccessor.java:104)
at java.base/java.lang.reflect.Method.invoke(Method.java:577)
at org.testng.internal.MethodInvocationHelper.invokeMethod(MethodInvocationHelper.java:133)
at org.testng.internal.TestInvoker.invokeMethod(TestInvoker.java:598)
at org.testng.internal.TestInvoker.invokeTestMethod(TestInvoker.java:173)
at org.testng.internal.MethodRunner.runInSequence(MethodRunner.java:46)
at org.testng.internal.TestInvoker$MethodInvocationAgent.invoke(TestInvoker.java:824)
at org.testng.internal.TestInvoker.invokeTestMethods(TestInvoker.java:146)
at org.testng.internal.TestMethodWorker.invokeTestMethods(TestMethodWorker.java:146)
at org.testng.internal.TestMethodWorker.run(TestMethodWorker.java:128)
at java.base/java.util.ArrayList.forEach(ArrayList.java:1511)
at org.testng.TestRunner.privateRun(TestRunner.java:794)
at org.testng.TestRunner.run(TestRunner.java:596)
at org.testng.SuiteRunner.runTest(SuiteRunner.java:377)
at org.testng.SuiteRunner.runSequentially(SuiteRunner.java:371)
at org.testng.SuiteRunner.privateRun(SuiteRunner.java:332)
at org.testng.SuiteRunner.run(SuiteRunner.java:276)
at org.testng.SuiteRunnerWorker.runSuite(SuiteRunnerWorker.java:53)
at org.testng.SuiteRunnerWorker.run(SuiteRunnerWorker.java:96)
at org.testng.TestNG.runSuitesSequentially(TestNG.java:1212)
at org.testng.TestNG.runSuitesLocally(TestNG.java:1134)
at org.testng.TestNG.runSuites(TestNG.java:1063)
at org.testng.TestNG.run(TestNG.java:1031)
at com.intellij.rt.testng.IDEARemoteTestNG.run(IDEARemoteTestNG.java:66)
at com.intellij.rt.testng.RemoteTestNGStarter.main(RemoteTestNGStarter.java:109)
]]>
            </full-stacktrace>
          </exception> <!-- java.lang.AssertionError -->
          <reporter-output>
          </reporter-output>
        </test-method> <!-- test_Login_Functionality_Is_Working -->
        <test-method is-config="true" signature="teardown()[pri:0, instance:mavenAndTestNG.hrm.login.LoginTests@2ed0fbae]" started-at="2022-12-04T09:10:31 CST" name="teardown" finished-at="2022-12-04T09:10:32 CST" duration-ms="432" status="PASS">
          <reporter-output>
          </reporter-output>
        </test-method> <!-- teardown -->
        <test-method is-config="true" signature="setup()[pri:0, instance:mavenAndTestNG.hrm.login.LoginTests@2ed0fbae]" started-at="2022-12-04T09:10:32 CST" name="setup" finished-at="2022-12-04T09:10:35 CST" duration-ms="3557" status="PASS">
          <reporter-output>
          </reporter-output>
        </test-method> <!-- setup -->
        <test-method signature="verify_user_is_not_able_to_login_invalid_credentials(java.lang.String,java.lang.String,java.lang.String)[pri:0, instance:mavenAndTestNG.hrm.login.LoginTests@2ed0fbae]" started-at="2022-12-04T09:10:35 CST" name="verify_user_is_not_able_to_login_invalid_credentials" data-provider="credentials" finished-at="2022-12-04T09:10:36 CST" duration-ms="555" status="PASS">
          <params>
            <param index="0">
              <value>
                <![CDATA[yoll-student12345]]>
              </value>
            </param>
            <param index="1">
              <value>
                <![CDATA[Bootcamp5###]]>
              </value>
            </param>
            <param index="2">
              <value>
                <![CDATA[Invalid credentials]]>
              </value>
            </param>
          </params>
          <reporter-output>
          </reporter-output>
        </test-method> <!-- verify_user_is_not_able_to_login_invalid_credentials -->
        <test-method is-config="true" signature="teardown()[pri:0, instance:mavenAndTestNG.hrm.login.LoginTests@2ed0fbae]" started-at="2022-12-04T09:10:36 CST" name="teardown" finished-at="2022-12-04T09:10:37 CST" duration-ms="1114" status="PASS">
          <reporter-output>
          </reporter-output>
        </test-method> <!-- teardown -->
        <test-method is-config="true" signature="setup()[pri:0, instance:mavenAndTestNG.hrm.login.LoginTests@2ed0fbae]" started-at="2022-12-04T09:10:37 CST" name="setup" finished-at="2022-12-04T09:10:41 CST" duration-ms="3526" status="PASS">
          <reporter-output>
          </reporter-output>
        </test-method> <!-- setup -->
        <test-method signature="verify_user_is_not_able_to_login_invalid_credentials(java.lang.String,java.lang.String,java.lang.String)[pri:0, instance:mavenAndTestNG.hrm.login.LoginTests@2ed0fbae]" started-at="2022-12-04T09:10:41 CST" name="verify_user_is_not_able_to_login_invalid_credentials" data-provider="credentials" finished-at="2022-12-04T09:10:41 CST" duration-ms="188" status="PASS">
          <params>
            <param index="0">
              <value>
                <![CDATA[]]>
              </value>
            </param>
            <param index="1">
              <value>
                <![CDATA[Bootcamp5#####]]>
              </value>
            </param>
            <param index="2">
              <value>
                <![CDATA[Username cannot be empty]]>
              </value>
            </param>
          </params>
          <reporter-output>
          </reporter-output>
        </test-method> <!-- verify_user_is_not_able_to_login_invalid_credentials -->
        <test-method is-config="true" signature="teardown()[pri:0, instance:mavenAndTestNG.hrm.login.LoginTests@2ed0fbae]" started-at="2022-12-04T09:10:41 CST" name="teardown" finished-at="2022-12-04T09:10:41 CST" duration-ms="212" status="PASS">
          <reporter-output>
          </reporter-output>
        </test-method> <!-- teardown -->
        <test-method is-config="true" signature="setup()[pri:0, instance:mavenAndTestNG.hrm.login.LoginTests@2ed0fbae]" started-at="2022-12-04T09:10:41 CST" name="setup" finished-at="2022-12-04T09:10:44 CST" duration-ms="3500" status="PASS">
          <reporter-output>
          </reporter-output>
        </test-method> <!-- setup -->
        <test-method signature="verify_user_is_not_able_to_login_invalid_credentials(java.lang.String,java.lang.String,java.lang.String)[pri:0, instance:mavenAndTestNG.hrm.login.LoginTests@2ed0fbae]" started-at="2022-12-04T09:10:44 CST" name="verify_user_is_not_able_to_login_invalid_credentials" data-provider="credentials" finished-at="2022-12-04T09:10:45 CST" duration-ms="177" status="PASS">
          <params>
            <param index="0">
              <value>
                <![CDATA[yoll-student]]>
              </value>
            </param>
            <param index="1">
              <value>
                <![CDATA[]]>
              </value>
            </param>
            <param index="2">
              <value>
                <![CDATA[Password cannot be empty]]>
              </value>
            </param>
          </params>
          <reporter-output>
          </reporter-output>
        </test-method> <!-- verify_user_is_not_able_to_login_invalid_credentials -->
        <test-method is-config="true" signature="teardown()[pri:0, instance:mavenAndTestNG.hrm.login.LoginTests@2ed0fbae]" started-at="2022-12-04T09:10:45 CST" name="teardown" finished-at="2022-12-04T09:10:45 CST" duration-ms="118" status="PASS">
          <reporter-output>
          </reporter-output>
        </test-method> <!-- teardown -->
        <test-method is-config="true" signature="setup()[pri:0, instance:mavenAndTestNG.hrm.login.LoginTests@2ed0fbae]" started-at="2022-12-04T09:10:45 CST" name="setup" finished-at="2022-12-04T09:10:48 CST" duration-ms="3697" status="PASS">
          <reporter-output>
          </reporter-output>
        </test-method> <!-- setup -->
        <test-method signature="verify_user_is_not_able_to_login_invalid_credentials(java.lang.String,java.lang.String,java.lang.String)[pri:0, instance:mavenAndTestNG.hrm.login.LoginTests@2ed0fbae]" started-at="2022-12-04T09:10:48 CST" name="verify_user_is_not_able_to_login_invalid_credentials" data-provider="credentials" finished-at="2022-12-04T09:10:49 CST" duration-ms="175" status="PASS">
          <params>
            <param index="0">
              <value>
                <![CDATA[]]>
              </value>
            </param>
            <param index="1">
              <value>
                <![CDATA[]]>
              </value>
            </param>
            <param index="2">
              <value>
                <![CDATA[Username cannot be empty]]>
              </value>
            </param>
          </params>
          <reporter-output>
          </reporter-output>
        </test-method> <!-- verify_user_is_not_able_to_login_invalid_credentials -->
        <test-method is-config="true" signature="teardown()[pri:0, instance:mavenAndTestNG.hrm.login.LoginTests@2ed0fbae]" started-at="2022-12-04T09:10:49 CST" name="teardown" finished-at="2022-12-04T09:10:49 CST" duration-ms="151" status="PASS">
          <reporter-output>
          </reporter-output>
        </test-method> <!-- teardown -->
      </class> <!-- mavenAndTestNG.hrm.login.LoginTests -->
    </test> <!-- MvnSelNg -->
  </suite> <!-- Default Suite -->
</testng-results>
